2019-07-25 00:54:56 ERROR Oracle:25 - Windows OS not supported!
2019-07-25 23:06:33 INFO  Oracle:55 - 
Player: "tz1QLLbmqmrnfy7pBSzLCsY4RGSoB7t7Y72q"
Project name: ""
Reward deposit part:25.0%
Votes:
Vote: "tz1ah5UULnLbQJ24J4zDSmYVahFjYHKWqX9V" Judge: "1"
Vote: "tz1eR5R6hQmhpFFLr8rQiUGSCgac63mU9dFU" Judge: "-1"
2019-07-25 23:06:52 INFO  Oracle:55 - 
Player: "tz1QLLbmqmrnfy7pBSzLCsY4RGSoB7t7Y72q"
Project name: ""
Reward deposit part:25.0%
Votes:
Vote: "1" Judge: "tz1ah5UULnLbQJ24J4zDSmYVahFjYHKWqX9V"
Vote: "-1" Judge: "tz1eR5R6hQmhpFFLr8rQiUGSCgac63mU9dFU"
2019-07-25 23:19:41 INFO  Oracle:57 - Games not found!
2019-07-25 23:20:37 INFO  Oracle:51 - 
Player: "tz1QLLbmqmrnfy7pBSzLCsY4RGSoB7t7Y72q"
Project name: ""
Reward deposit part: 25.0%
Votes:

2019-07-26 00:08:17 INFO  Oracle:54 - 
Player: "tz1QLLbmqmrnfy7pBSzLCsY4RGSoB7t7Y72q"
Project name: ""
Reward deposit part: 25.0%
Votes:
Vote: 1 Judge: "tz1ah5UULnLbQJ24J4zDSmYVahFjYHKWqX9V"
Vote: -1 Judge: "tz1eR5R6hQmhpFFLr8rQiUGSCgac63mU9dFU"
2019-07-26 00:08:17 INFO  Oracle:61 - Vote: tz1ah5UULnLbQJ24J4zDSmYVahFjYHKWqX9V for: "tz1QLLbmqmrnfy7pBSzLCsY4RGSoB7t7Y72q"
2019-07-26 00:08:17 INFO  Oracle:61 - Vote: tz1eR5R6hQmhpFFLr8rQiUGSCgac63mU9dFU for: "tz1QLLbmqmrnfy7pBSzLCsY4RGSoB7t7Y72q"
2019-07-26 00:08:17 INFO  Oracle:61 - Vote: tz1QEJ24BFEY1jhwfeRqnPN899c4dvJS1PEp for: "tz1QLLbmqmrnfy7pBSzLCsY4RGSoB7t7Y72q"
2019-07-26 00:10:00 INFO  Oracle:54 - 
Player: "tz1QLLbmqmrnfy7pBSzLCsY4RGSoB7t7Y72q"
Project name: ""
Reward deposit part: 25.0%
Votes:
Vote: 1 Judge: "tz1ah5UULnLbQJ24J4zDSmYVahFjYHKWqX9V"
Vote: -1 Judge: "tz1eR5R6hQmhpFFLr8rQiUGSCgac63mU9dFU"
2019-07-26 00:10:00 INFO  Oracle:61 - Vote: tz1ah5UULnLbQJ24J4zDSmYVahFjYHKWqX9V for: "tz1QLLbmqmrnfy7pBSzLCsY4RGSoB7t7Y72q"
2019-07-26 00:10:00 INFO  Oracle:61 - Vote: tz1eR5R6hQmhpFFLr8rQiUGSCgac63mU9dFU for: "tz1QLLbmqmrnfy7pBSzLCsY4RGSoB7t7Y72q"
2019-07-26 00:10:00 INFO  Oracle:61 - Vote: tz1QEJ24BFEY1jhwfeRqnPN899c4dvJS1PEp for: "tz1QLLbmqmrnfy7pBSzLCsY4RGSoB7t7Y72q"
2019-07-26 00:10:18 INFO  Oracle:54 - 
Player: "tz1QLLbmqmrnfy7pBSzLCsY4RGSoB7t7Y72q"
Project name: ""
Reward deposit part: 25.0%
Votes:
Vote: 1 Judge: "tz1ah5UULnLbQJ24J4zDSmYVahFjYHKWqX9V"
Vote: -1 Judge: "tz1eR5R6hQmhpFFLr8rQiUGSCgac63mU9dFU"
2019-07-26 00:12:45 INFO  Oracle:61 - Vote: tz1ah5UULnLbQJ24J4zDSmYVahFjYHKWqX9V for: "tz1QLLbmqmrnfy7pBSzLCsY4RGSoB7t7Y72q"
2019-07-26 00:12:45 INFO  Oracle:61 - Vote: tz1eR5R6hQmhpFFLr8rQiUGSCgac63mU9dFU for: "tz1QLLbmqmrnfy7pBSzLCsY4RGSoB7t7Y72q"
2019-07-26 00:12:45 INFO  Oracle:61 - Vote: tz1QEJ24BFEY1jhwfeRqnPN899c4dvJS1PEp for: "tz1QLLbmqmrnfy7pBSzLCsY4RGSoB7t7Y72q"
2019-07-26 00:12:55 INFO  Oracle:54 - 
Player: "tz1QLLbmqmrnfy7pBSzLCsY4RGSoB7t7Y72q"
Project name: ""
Reward deposit part: 25.0%
Votes:
Vote: 1 Judge: tz1ah5UULnLbQJ24J4zDSmYVahFjYHKWqX9V
Vote: -1 Judge: tz1eR5R6hQmhpFFLr8rQiUGSCgac63mU9dFU
2019-07-26 00:13:32 INFO  Oracle:61 - Vote: tz1QEJ24BFEY1jhwfeRqnPN899c4dvJS1PEp for: "tz1QLLbmqmrnfy7pBSzLCsY4RGSoB7t7Y72q"
2019-07-26 00:13:37 INFO  Oracle:54 - 
Player: "tz1QLLbmqmrnfy7pBSzLCsY4RGSoB7t7Y72q"
Project name: ""
Reward deposit part: 25.0%
Votes:
Vote: 1 Judge: tz1ah5UULnLbQJ24J4zDSmYVahFjYHKWqX9V
Vote: -1 Judge: tz1eR5R6hQmhpFFLr8rQiUGSCgac63mU9dFU
2019-07-26 00:13:56 INFO  Oracle:61 - Vote: tz1QEJ24BFEY1jhwfeRqnPN899c4dvJS1PEp for: "tz1QLLbmqmrnfy7pBSzLCsY4RGSoB7t7Y72q"
2019-07-26 00:20:22 INFO  Oracle:55 - 
Player: '"tz1QLLbmqmrnfy7pBSzLCsY4RGSoB7t7Y72q"'
Project name: '""'
Reward deposit part: '25.0'%
Votes:
Vote: '1' Judge: '"tz1ah5UULnLbQJ24J4zDSmYVahFjYHKWqX9V"'
Vote: '-1' Judge: '"tz1eR5R6hQmhpFFLr8rQiUGSCgac63mU9dFU"'
2019-07-26 00:20:22 INFO  Oracle:62 - Vote: tz1ah5UULnLbQJ24J4zDSmYVahFjYHKWqX9V for: "tz1QLLbmqmrnfy7pBSzLCsY4RGSoB7t7Y72q"
2019-07-26 00:20:22 INFO  Oracle:62 - Vote: tz1eR5R6hQmhpFFLr8rQiUGSCgac63mU9dFU for: "tz1QLLbmqmrnfy7pBSzLCsY4RGSoB7t7Y72q"
2019-07-26 00:20:22 INFO  Oracle:62 - Vote: tz1QEJ24BFEY1jhwfeRqnPN899c4dvJS1PEp for: "tz1QLLbmqmrnfy7pBSzLCsY4RGSoB7t7Y72q"
2019-07-26 00:21:02 INFO  Oracle:55 - 
Player: '"tz1QLLbmqmrnfy7pBSzLCsY4RGSoB7t7Y72q"'
Project name: '""'
Reward deposit part: '25.0'%
Votes:
Vote: '1' Judge: '"tz1ah5UULnLbQJ24J4zDSmYVahFjYHKWqX9V"'
Vote: '-1' Judge: '"tz1eR5R6hQmhpFFLr8rQiUGSCgac63mU9dFU"'
2019-07-26 00:21:25 INFO  Oracle:62 - Vote: tz1ah5UULnLbQJ24J4zDSmYVahFjYHKWqX9V for: "tz1QLLbmqmrnfy7pBSzLCsY4RGSoB7t7Y72q"
2019-07-26 00:21:25 INFO  Oracle:62 - Vote: tz1eR5R6hQmhpFFLr8rQiUGSCgac63mU9dFU for: "tz1QLLbmqmrnfy7pBSzLCsY4RGSoB7t7Y72q"
2019-07-26 00:21:25 INFO  Oracle:62 - Vote: tz1QEJ24BFEY1jhwfeRqnPN899c4dvJS1PEp for: "tz1QLLbmqmrnfy7pBSzLCsY4RGSoB7t7Y72q"
2019-07-26 00:22:13 INFO  Oracle:55 - 
Player: '"tz1QLLbmqmrnfy7pBSzLCsY4RGSoB7t7Y72q"'
Project name: '""'
Reward deposit part: '25.0'%
Votes:
Vote: '1' Judge: '"tz1ah5UULnLbQJ24J4zDSmYVahFjYHKWqX9V"'
Vote: '-1' Judge: '"tz1eR5R6hQmhpFFLr8rQiUGSCgac63mU9dFU"'
2019-07-26 00:22:13 INFO  Oracle:62 - Vote: tz1ah5UULnLbQJ24J4zDSmYVahFjYHKWqX9V for: "tz1QLLbmqmrnfy7pBSzLCsY4RGSoB7t7Y72q"
2019-07-26 00:22:13 INFO  Oracle:62 - Vote: tz1eR5R6hQmhpFFLr8rQiUGSCgac63mU9dFU for: "tz1QLLbmqmrnfy7pBSzLCsY4RGSoB7t7Y72q"
2019-07-26 00:22:13 INFO  Oracle:62 - Vote: tz1QEJ24BFEY1jhwfeRqnPN899c4dvJS1PEp for: "tz1QLLbmqmrnfy7pBSzLCsY4RGSoB7t7Y72q"
2019-07-26 00:24:14 INFO  Oracle:55 - 
Player: '"tz1QLLbmqmrnfy7pBSzLCsY4RGSoB7t7Y72q"'
Project name: '""'
Reward deposit part: '25.0'%
Votes:
Vote: '1' Judge: '"tz1ah5UULnLbQJ24J4zDSmYVahFjYHKWqX9V"'
Vote: '-1' Judge: '"tz1eR5R6hQmhpFFLr8rQiUGSCgac63mU9dFU"'
2019-07-26 00:24:14 INFO  Oracle:62 - Vote: tz1ah5UULnLbQJ24J4zDSmYVahFjYHKWqX9V for: "tz1QLLbmqmrnfy7pBSzLCsY4RGSoB7t7Y72q"
2019-07-26 00:24:14 INFO  Oracle:62 - Vote: tz1eR5R6hQmhpFFLr8rQiUGSCgac63mU9dFU for: "tz1QLLbmqmrnfy7pBSzLCsY4RGSoB7t7Y72q"
2019-07-26 00:24:14 INFO  Oracle:62 - Vote: tz1QEJ24BFEY1jhwfeRqnPN899c4dvJS1PEp for: "tz1QLLbmqmrnfy7pBSzLCsY4RGSoB7t7Y72q"
2019-07-26 00:24:18 INFO  Oracle:55 - 
Player: 'tz1QLLbmqmrnfy7pBSzLCsY4RGSoB7t7Y72q'
Project name: ''
Reward deposit part: '25.0'%
Votes:
Vote: '1' Judge: 'tz1ah5UULnLbQJ24J4zDSmYVahFjYHKWqX9V'
Vote: '-1' Judge: 'tz1eR5R6hQmhpFFLr8rQiUGSCgac63mU9dFU'
2019-07-26 00:24:53 INFO  Oracle:62 - Vote: tz1QEJ24BFEY1jhwfeRqnPN899c4dvJS1PEp for: tz1QLLbmqmrnfy7pBSzLCsY4RGSoB7t7Y72q
2019-07-26 00:51:13 INFO  Oracle:61 - 
Player: 'tz1QLLbmqmrnfy7pBSzLCsY4RGSoB7t7Y72q'
Project name: ''
Reward deposit part: '25.0'%
Votes:
Vote: '1' Judge: 'tz1ah5UULnLbQJ24J4zDSmYVahFjYHKWqX9V'
Vote: '-1' Judge: 'tz1eR5R6hQmhpFFLr8rQiUGSCgac63mU9dFU'
2019-07-26 00:51:13 INFO  Oracle:71 - Vote: tz1QEJ24BFEY1jhwfeRqnPN899c4dvJS1PEp for: tz1QLLbmqmrnfy7pBSzLCsY4RGSoB7t7Y72q
2019-07-26 00:51:37 INFO  Oracle:61 - 
Player: 'tz1QLLbmqmrnfy7pBSzLCsY4RGSoB7t7Y72q'
Project name: ''
Reward deposit part: '25.0'%
Votes:
Vote: '1' Judge: 'tz1ah5UULnLbQJ24J4zDSmYVahFjYHKWqX9V'
Vote: '-1' Judge: 'tz1eR5R6hQmhpFFLr8rQiUGSCgac63mU9dFU'
2019-07-26 00:51:37 INFO  Oracle:71 - Vote: tz1QEJ24BFEY1jhwfeRqnPN899c4dvJS1PEp for: tz1QLLbmqmrnfy7pBSzLCsY4RGSoB7t7Y72q
2019-07-26 01:07:40 INFO  Oracle:62 - 
Player: 'tz1QLLbmqmrnfy7pBSzLCsY4RGSoB7t7Y72q'
Project name: ''
Reward deposit part: '25.0'%
Votes:
Vote: '1' Judge: 'tz1ah5UULnLbQJ24J4zDSmYVahFjYHKWqX9V'
Vote: '-1' Judge: 'tz1eR5R6hQmhpFFLr8rQiUGSCgac63mU9dFU'
2019-07-26 01:07:40 ERROR Oracle:90 - IOException error:
java.io.IOException: Cannot run program "./../tezos-client": CreateProcess error=2, Не удается найти указанный файл
	at java.base/java.lang.ProcessBuilder.start(ProcessBuilder.java:1128)
	at java.base/java.lang.ProcessBuilder.start(ProcessBuilder.java:1071)
	at java.base/java.lang.Runtime.exec(Runtime.java:589)
	at java.base/java.lang.Runtime.exec(Runtime.java:413)
	at java.base/java.lang.Runtime.exec(Runtime.java:310)
	at oracles.OracleKt.main(Oracle.kt:74)
	at oracles.OracleKt.main(Oracle.kt)
Caused by: java.io.IOException: CreateProcess error=2, Не удается найти указанный файл
	at java.base/java.lang.ProcessImpl.create(Native Method)
	at java.base/java.lang.ProcessImpl.<init>(ProcessImpl.java:420)
	at java.base/java.lang.ProcessImpl.start(ProcessImpl.java:151)
	at java.base/java.lang.ProcessBuilder.start(ProcessBuilder.java:1107)
	... 6 more
2019-07-26 01:12:29 ERROR Oracle:34 - Windows OS not supported!
2019-07-26 01:12:45 ERROR Oracle:34 - Windows OS not supported!
2019-07-26 01:18:53 ERROR Oracle:29 - Windows OS not supported!
